{"level":"error","message":"Invalid post body","timestamp":"2024-11-18T21:39:04.095Z"}
{"level":"info","message":{"body":{},"method":"GET","url":"/?page=1&size=5"},"timestamp":"2024-11-20T17:55:15.778Z"}
{"level":"info","message":{"body":{},"method":"GET","url":"/?page=1&size=5"},"timestamp":"2024-11-20T17:56:21.054Z"}
{"level":"info","message":{"body":{},"method":"GET","url":"/?page=1&size=5"},"timestamp":"2024-11-20T17:56:45.352Z"}
{"level":"info","message":{"body":{},"method":"GET","url":"/?page=1&size=5"},"timestamp":"2024-11-20T17:57:46.853Z"}
{"level":"info","message":{"body":{},"method":"GET","url":"/?page=1&size=5"},"timestamp":"2024-11-20T17:58:00.469Z"}
{"level":"info","message":{"body":{},"method":"GET","url":"/?page=1&size=5"},"timestamp":"2024-11-20T17:58:13.350Z"}
{"level":"info","message":{"body":{},"method":"GET","url":"/?page=1&size=5"},"timestamp":"2024-11-20T17:58:18.752Z"}
{"level":"info","message":{"body":{},"method":"GET","url":"/?page=1&size=5"},"timestamp":"2024-11-20T17:59:03.662Z"}
{"level":"info","message":{"body":{},"method":"GET","url":"/?page=1&size=5"},"timestamp":"2024-11-20T18:00:43.271Z"}
{"level":"info","message":{"body":{},"method":"GET","url":"/?page=1&size=5"},"timestamp":"2024-11-20T18:01:11.115Z"}
{"level":"info","message":{"body":{},"method":"GET","url":"/?page=1&size=5"},"timestamp":"2024-11-20T18:01:24.806Z"}
{"level":"info","message":{"body":{},"method":"GET","url":"/?page=1&size=5"},"timestamp":"2024-11-20T18:05:08.010Z"}
{"level":"info","message":{"body":{},"method":"GET","url":"/?page=1&size=5"},"timestamp":"2024-11-20T18:06:14.176Z"}
{"level":"info","message":{"body":{},"method":"GET","url":"/?page=1&size=5"},"timestamp":"2024-11-20T18:07:04.394Z"}
{"level":"info","message":{"body":{},"method":"GET","url":"/?page=1&size=5"},"timestamp":"2024-11-20T18:07:22.857Z"}
{"level":"info","message":{"body":{},"method":"GET","url":"/1"},"timestamp":"2024-11-20T18:07:29.631Z"}
{"level":"info","message":{"body":{},"method":"GET","url":"/?page=1&size=5"},"timestamp":"2024-11-20T18:07:35.646Z"}
{"level":"info","message":{"body":{"genre":"Other","isPrivate":true,"text":"qwd121212","title":"qwdqw"},"method":"POST","url":"/"},"timestamp":"2024-11-20T18:07:43.723Z"}
{"level":"info","message":{"body":{},"method":"GET","url":"/?page=1&size=5"},"timestamp":"2024-11-20T18:07:43.775Z"}
{"level":"info","message":{"body":{"confirmPassword":"213214nN!","email":"qw@qwdw","password":"213214nN!"},"method":"GET","url":"/"},"timestamp":"2024-11-26T10:03:42.008Z"}
{"level":"info","message":{"body":{"text":"Some text","title":"Some title"},"method":"POST","url":"/"},"timestamp":"2024-12-07T17:05:16.063Z"}
{"level":"error","message":"Invalid post body","timestamp":"2024-12-07T17:05:16.068Z"}
{"level":"info","message":{"body":{"text":"Some text","title":"Some title"},"method":"POST","url":"/"},"timestamp":"2024-12-07T17:06:15.564Z"}
{"level":"error","message":"Invalid post body","timestamp":"2024-12-07T17:06:15.569Z"}
{"level":"info","message":{"body":{"text":"Some text","title":"Some title"},"method":"POST","url":"/"},"timestamp":"2024-12-07T17:09:01.714Z"}
{"level":"info","message":{"body":{"text":"Some text 2","title":"Some title"},"method":"POST","url":"/"},"timestamp":"2024-12-07T17:09:36.503Z"}
{"level":"info","message":{"body":{"text":"Some text 2","title":"Some title"},"method":"GET","url":"/"},"timestamp":"2024-12-07T17:10:20.341Z"}
{"level":"info","message":{"body":{},"method":"GET","url":"/1"},"timestamp":"2024-12-07T17:10:52.156Z"}
{"level":"info","message":{"body":{},"method":"GET","url":"/"},"timestamp":"2024-12-07T17:14:31.917Z"}
{"level":"info","message":{"body":{},"method":"GET","url":"/"},"timestamp":"2024-12-07T17:16:53.810Z"}
{"level":"info","message":{"body":{},"method":"GET","url":"/"},"timestamp":"2024-12-07T17:18:44.189Z"}
{"level":"info","message":{"body":{},"method":"GET","url":"/1"},"timestamp":"2024-12-07T17:19:20.886Z"}
{"level":"info","message":{"body":{},"method":"GET","url":"/1"},"timestamp":"2024-12-07T17:22:00.880Z"}
{"level":"info","message":{"body":{},"method":"GET","url":"/?page=1&size=5"},"timestamp":"2024-12-07T18:11:14.163Z"}
{"level":"info","message":{"body":{},"method":"GET","url":"/?page=1&size=5"},"timestamp":"2024-12-07T18:30:26.912Z"}
{"level":"info","message":{"body":{},"method":"GET","url":"/?page=1&size=5"},"timestamp":"2024-12-07T18:33:37.417Z"}
{"level":"info","message":{"body":{},"method":"GET","url":"/?page=1&size=5"},"timestamp":"2024-12-07T18:34:39.923Z"}
{"level":"info","message":{"body":{},"method":"GET","url":"/?page=1&size=5"},"timestamp":"2024-12-07T18:35:10.043Z"}
{"level":"info","message":{"body":{},"method":"GET","url":"/?page=1&size=5"},"timestamp":"2024-12-07T18:35:30.863Z"}
{"level":"info","message":{"body":{},"method":"GET","url":"/?page=1&size=5"},"timestamp":"2024-12-07T18:38:30.066Z"}
{"level":"info","message":{"body":{},"method":"GET","url":"/?page=1&size=5"},"timestamp":"2024-12-07T18:38:54.109Z"}
{"level":"info","message":{"body":{},"method":"GET","url":"/?page=1&size=5"},"timestamp":"2024-12-07T18:40:26.017Z"}
{"level":"info","message":{"body":{},"method":"GET","url":"/?page=1&size=5"},"timestamp":"2024-12-07T18:41:50.747Z"}
{"level":"info","message":{"body":{},"method":"GET","url":"/?page=1&size=5"},"timestamp":"2024-12-07T18:42:07.298Z"}
{"level":"info","message":{"body":{},"method":"GET","url":"/?page=1&size=5"},"timestamp":"2024-12-07T18:42:40.759Z"}
{"level":"info","message":{"body":{},"method":"GET","url":"/?page=1&size=5"},"timestamp":"2024-12-07T18:42:49.753Z"}
{"level":"info","message":{"body":{},"method":"GET","url":"/?page=1&size=5"},"timestamp":"2024-12-07T18:45:36.051Z"}
{"level":"info","message":{"body":{},"method":"GET","url":"/?page=1&size=5"},"timestamp":"2024-12-07T18:46:29.348Z"}
{"level":"info","message":{"body":{},"method":"GET","url":"/?page=1&size=5"},"timestamp":"2024-12-07T18:51:27.767Z"}
{"level":"info","message":{"body":{},"method":"GET","url":"/1"},"timestamp":"2024-12-07T18:54:21.068Z"}
{"level":"info","message":{"body":{},"method":"GET","url":"/?page=1&size=5"},"timestamp":"2024-12-07T18:54:24.225Z"}
{"level":"info","message":{"body":{},"method":"GET","url":"/1"},"timestamp":"2024-12-07T18:55:13.915Z"}
{"level":"info","message":{"body":{},"method":"GET","url":"/?page=1&size=5"},"timestamp":"2024-12-07T18:55:15.823Z"}
{"level":"info","message":{"body":{},"method":"GET","url":"/2"},"timestamp":"2024-12-07T18:55:16.425Z"}
{"level":"info","message":{"body":{},"method":"GET","url":"/?page=1&size=5"},"timestamp":"2024-12-07T18:55:17.283Z"}
{"level":"info","message":{"body":{},"method":"GET","url":"/1"},"timestamp":"2024-12-07T18:56:12.982Z"}
{"level":"info","message":{"body":{},"method":"GET","url":"/?page=1&size=5"},"timestamp":"2024-12-07T18:56:14.238Z"}
{"level":"info","message":{"body":{},"method":"GET","url":"/2"},"timestamp":"2024-12-07T18:56:14.755Z"}
{"level":"info","message":{"body":{},"method":"GET","url":"/?page=1&size=5"},"timestamp":"2024-12-07T18:56:15.680Z"}
{"level":"info","message":{"body":{},"method":"GET","url":"/?page=1&size=5"},"timestamp":"2024-12-07T18:57:16.164Z"}
{"level":"info","message":{"body":{},"method":"GET","url":"/?page=1&size=5"},"timestamp":"2024-12-07T18:57:24.754Z"}
{"level":"info","message":{"body":{},"method":"GET","url":"/2"},"timestamp":"2024-12-07T19:00:47.731Z"}
{"level":"info","message":{"body":{},"method":"GET","url":"/?page=1&size=5"},"timestamp":"2024-12-07T19:00:48.093Z"}
{"level":"info","message":{"body":{},"method":"GET","url":"/?page=1&size=5"},"timestamp":"2024-12-07T19:41:57.666Z"}
{"level":"info","message":{"body":{},"method":"GET","url":"/1"},"timestamp":"2024-12-07T19:41:58.648Z"}
{"level":"info","message":{"body":{},"method":"GET","url":"/1"},"timestamp":"2024-12-07T19:41:59.938Z"}
{"level":"info","message":{"body":{},"method":"GET","url":"/?page=1&size=5"},"timestamp":"2024-12-07T19:42:03.690Z"}
{"level":"info","message":{"body":{},"method":"GET","url":"/?page=1&size=5"},"timestamp":"2024-12-07T19:42:12.437Z"}
{"level":"info","message":{"body":{},"method":"GET","url":"/?page=1&size=5"},"timestamp":"2024-12-07T19:43:40.409Z"}
{"level":"info","message":{"body":{},"method":"GET","url":"/1"},"timestamp":"2024-12-07T19:43:42.295Z"}
{"level":"info","message":{"body":{},"method":"GET","url":"/1"},"timestamp":"2024-12-07T19:43:50.439Z"}
{"level":"info","message":{"body":{},"method":"GET","url":"/?page=1&size=5"},"timestamp":"2024-12-07T19:43:52.536Z"}
{"level":"info","message":{"body":{},"method":"GET","url":"/?page=1&size=5"},"timestamp":"2024-12-07T19:43:53.969Z"}
{"level":"info","message":{"body":{},"method":"GET","url":"/1"},"timestamp":"2024-12-07T19:44:25.223Z"}
{"level":"info","message":{"body":{},"method":"GET","url":"/?page=1&size=5"},"timestamp":"2024-12-07T19:44:28.774Z"}
{"level":"info","message":{"body":{},"method":"GET","url":"/?page=1&size=5"},"timestamp":"2024-12-07T19:45:23.090Z"}
{"level":"info","message":{"body":{},"method":"GET","url":"/1"},"timestamp":"2024-12-07T19:45:24.332Z"}
{"level":"info","message":{"body":{},"method":"GET","url":"/1"},"timestamp":"2024-12-07T19:45:27.276Z"}
{"level":"info","message":{"body":{},"method":"GET","url":"/?page=1&size=5"},"timestamp":"2024-12-07T19:45:55.055Z"}
{"level":"info","message":{"body":{},"method":"GET","url":"/?page=1&size=5"},"timestamp":"2024-12-07T19:46:01.800Z"}
{"level":"info","message":{"body":{},"method":"GET","url":"/1"},"timestamp":"2024-12-07T19:46:02.323Z"}
{"level":"info","message":{"body":{},"method":"GET","url":"/1"},"timestamp":"2024-12-07T19:46:03.407Z"}
{"level":"info","message":{"body":{},"method":"GET","url":"/?page=1&size=5"},"timestamp":"2024-12-07T19:46:04.684Z"}
{"level":"info","message":{"body":{},"method":"GET","url":"/?page=1&size=5"},"timestamp":"2024-12-07T19:47:42.070Z"}
{"level":"info","message":{"body":{},"method":"GET","url":"/1"},"timestamp":"2024-12-07T19:47:43.227Z"}
{"level":"info","message":{"body":{},"method":"GET","url":"/1"},"timestamp":"2024-12-07T19:47:51.137Z"}
{"level":"info","message":{"body":{},"method":"GET","url":"/?page=1&size=5"},"timestamp":"2024-12-07T19:48:05.133Z"}
{"level":"info","message":{"body":{},"method":"GET","url":"/?page=1&size=5"},"timestamp":"2024-12-07T19:49:09.679Z"}
{"level":"info","message":{"body":{},"method":"GET","url":"/?page=1&size=5"},"timestamp":"2024-12-07T19:50:18.759Z"}
{"level":"info","message":{"body":{},"method":"GET","url":"/?page=1&size=5"},"timestamp":"2024-12-07T19:50:44.772Z"}
{"level":"info","message":{"body":{},"method":"GET","url":"/2"},"timestamp":"2024-12-07T19:50:45.753Z"}
{"level":"info","message":{"body":{},"method":"GET","url":"/2"},"timestamp":"2024-12-07T19:50:46.541Z"}
{"level":"info","message":{"body":{"text":"Some text 2123","title":"Some title"},"method":"PUT","url":"/2"},"timestamp":"2024-12-07T19:51:06.862Z"}
{"level":"info","message":{"body":{},"method":"GET","url":"/2"},"timestamp":"2024-12-07T19:53:27.339Z"}
{"level":"info","message":{"body":{},"method":"GET","url":"/2"},"timestamp":"2024-12-07T19:53:28.035Z"}
{"level":"info","message":{"body":{"text":"Some text 2qwd","title":"Some title"},"method":"PUT","url":"/2"},"timestamp":"2024-12-07T19:53:28.985Z"}
{"level":"info","message":{"body":{},"method":"GET","url":"/2"},"timestamp":"2024-12-07T19:54:51.894Z"}
{"level":"info","message":{"body":{},"method":"GET","url":"/2"},"timestamp":"2024-12-07T19:54:52.628Z"}
{"level":"info","message":{"body":{"text":"Some text 2wqd","title":"Some title"},"method":"PUT","url":"/2"},"timestamp":"2024-12-07T19:54:53.707Z"}
{"level":"info","message":{"body":{},"method":"GET","url":"/?page=1&size=5"},"timestamp":"2024-12-07T19:54:53.821Z"}
{"level":"info","message":{"body":{},"method":"GET","url":"/?page=1&size=5"},"timestamp":"2024-12-07T19:55:40.295Z"}
{"level":"info","message":{"body":{},"method":"GET","url":"/2"},"timestamp":"2024-12-07T19:55:41.260Z"}
{"level":"info","message":{"body":{},"method":"GET","url":"/2"},"timestamp":"2024-12-07T19:55:43.318Z"}
{"level":"info","message":{"body":{"text":"Some text 2qwdwqd","title":"Some title"},"method":"PUT","url":"/2"},"timestamp":"2024-12-07T19:55:45.945Z"}
{"level":"info","message":{"body":{},"method":"GET","url":"/?page=1&size=5"},"timestamp":"2024-12-07T19:55:46.013Z"}
{"level":"info","message":{"body":{},"method":"GET","url":"/2"},"timestamp":"2024-12-07T19:56:49.649Z"}
{"level":"info","message":{"body":{},"method":"GET","url":"/2"},"timestamp":"2024-12-07T19:56:50.252Z"}
{"level":"info","message":{"body":{"text":"Some text 2qwd","title":"Some title"},"method":"PUT","url":"/2"},"timestamp":"2024-12-07T19:56:51.103Z"}
{"level":"info","message":{"body":{},"method":"GET","url":"/2"},"timestamp":"2024-12-07T19:59:26.909Z"}
{"level":"info","message":{"body":{},"method":"GET","url":"/2"},"timestamp":"2024-12-07T19:59:27.450Z"}
{"level":"info","message":{"body":{"text":"Some text 2qwd","title":"Some title"},"method":"PUT","url":"/2"},"timestamp":"2024-12-07T19:59:28.990Z"}
{"level":"info","message":{"body":{},"method":"GET","url":"/?page=1&size=5"},"timestamp":"2024-12-07T20:00:42.579Z"}
{"level":"info","message":{"body":{},"method":"GET","url":"/1"},"timestamp":"2024-12-07T20:02:04.959Z"}
{"level":"info","message":{"body":{},"method":"GET","url":"/1"},"timestamp":"2024-12-07T20:02:05.899Z"}
{"level":"info","message":{"body":{"text":"Some textqwd","title":"Some title"},"method":"PUT","url":"/1"},"timestamp":"2024-12-07T20:02:07.247Z"}
{"level":"info","message":{"body":{},"method":"GET","url":"/?page=1&size=5"},"timestamp":"2024-12-07T20:02:07.349Z"}
{"level":"info","message":{"body":{},"method":"GET","url":"/2"},"timestamp":"2024-12-07T20:02:11.983Z"}
{"level":"info","message":{"body":{},"method":"GET","url":"/2"},"timestamp":"2024-12-07T20:02:12.626Z"}
{"level":"info","message":{"body":{"text":"Some text 2qwd","title":"Some title1"},"method":"PUT","url":"/2"},"timestamp":"2024-12-07T20:02:13.697Z"}
{"level":"info","message":{"body":{},"method":"GET","url":"/?page=1&size=5"},"timestamp":"2024-12-07T20:02:13.791Z"}
{"level":"info","message":{"body":{},"method":"GET","url":"/?page=1&size=5"},"timestamp":"2024-12-07T20:02:34.460Z"}
{"level":"info","message":{"body":{},"method":"GET","url":"/1"},"timestamp":"2024-12-07T20:02:37.171Z"}
{"level":"info","message":{"body":{},"method":"GET","url":"/1"},"timestamp":"2024-12-07T20:02:38.278Z"}
{"level":"info","message":{"body":{"text":"Some textqwd1","title":"Some title"},"method":"PUT","url":"/1"},"timestamp":"2024-12-07T20:02:40.155Z"}
{"level":"info","message":{"body":{},"method":"GET","url":"/?page=1&size=5"},"timestamp":"2024-12-07T20:02:40.238Z"}
{"level":"info","message":{"body":{},"method":"GET","url":"/2"},"timestamp":"2024-12-07T20:02:56.624Z"}
{"level":"info","message":{"body":{},"method":"GET","url":"/2"},"timestamp":"2024-12-07T20:02:57.673Z"}
{"level":"info","message":{"body":{"text":"Some text 2qwds","title":"Some title1"},"method":"PUT","url":"/2"},"timestamp":"2024-12-07T20:02:59.418Z"}
{"level":"info","message":{"body":{},"method":"GET","url":"/?page=1&size=5"},"timestamp":"2024-12-07T20:02:59.521Z"}
{"level":"info","message":{"body":{},"method":"GET","url":"/?page=1&size=5"},"timestamp":"2024-12-07T20:03:20.246Z"}
{"level":"info","message":{"body":{},"method":"GET","url":"/1"},"timestamp":"2024-12-07T20:03:30.127Z"}
{"level":"info","message":{"body":{},"method":"GET","url":"/?page=1&size=10"},"timestamp":"2024-12-07T20:03:30.832Z"}
{"level":"info","message":{"body":{},"method":"GET","url":"/?page=1&size=5"},"timestamp":"2024-12-07T20:03:30.883Z"}
{"level":"info","message":{"body":{},"method":"GET","url":"/?page=1&size=5"},"timestamp":"2024-12-07T20:05:12.751Z"}
{"level":"info","message":{"body":{},"method":"GET","url":"/1"},"timestamp":"2024-12-07T20:05:14.650Z"}
{"level":"info","message":{"body":{},"method":"GET","url":"/?page=1&size=10"},"timestamp":"2024-12-07T20:05:15.239Z"}
{"level":"info","message":{"body":{},"method":"GET","url":"/?page=1&size=5"},"timestamp":"2024-12-07T20:05:15.259Z"}
{"level":"info","message":{"body":{},"method":"GET","url":"/?page=1&size=5"},"timestamp":"2024-12-07T20:05:31.903Z"}
{"level":"info","message":{"body":{},"method":"GET","url":"/1"},"timestamp":"2024-12-07T20:05:33.501Z"}
{"level":"info","message":{"body":{},"method":"GET","url":"/?page=1&size=10"},"timestamp":"2024-12-07T20:05:34.099Z"}
{"level":"info","message":{"body":{},"method":"GET","url":"/?page=1&size=5"},"timestamp":"2024-12-07T20:05:34.119Z"}
{"level":"info","message":{"body":{},"method":"GET","url":"/1"},"timestamp":"2024-12-07T20:06:14.077Z"}
{"level":"info","message":{"body":{},"method":"GET","url":"/?page=1&size=10"},"timestamp":"2024-12-07T20:06:14.521Z"}
{"level":"info","message":{"body":{},"method":"GET","url":"/?page=1&size=5"},"timestamp":"2024-12-07T20:06:14.551Z"}
{"level":"info","message":{"body":{},"method":"GET","url":"/?page=1&size=5"},"timestamp":"2024-12-07T20:06:19.677Z"}
{"level":"info","message":{"body":{},"method":"GET","url":"/1"},"timestamp":"2024-12-07T20:06:20.340Z"}
{"level":"info","message":{"body":{},"method":"GET","url":"/?page=1&size=10"},"timestamp":"2024-12-07T20:06:21.077Z"}
{"level":"info","message":{"body":{},"method":"GET","url":"/?page=1&size=5"},"timestamp":"2024-12-07T20:06:21.096Z"}
{"level":"info","message":{"body":{},"method":"GET","url":"/?page=1&size=5"},"timestamp":"2024-12-07T20:06:37.072Z"}
{"level":"info","message":{"body":{},"method":"GET","url":"/?page=1&size=5"},"timestamp":"2024-12-07T20:06:38.720Z"}
{"level":"info","message":{"body":{},"method":"GET","url":"/1"},"timestamp":"2024-12-07T20:06:39.249Z"}
{"level":"info","message":{"body":{},"method":"GET","url":"/?page=1&size=10"},"timestamp":"2024-12-07T20:06:39.997Z"}
{"level":"info","message":{"body":{},"method":"DELETE","url":"/1"},"timestamp":"2024-12-07T20:06:40.015Z"}
{"level":"info","message":{"body":{},"method":"GET","url":"/?page=1&size=5"},"timestamp":"2024-12-07T20:06:40.022Z"}
{"level":"info","message":{"body":{},"method":"GET","url":"/?page=1&size=5"},"timestamp":"2024-12-07T20:06:53.502Z"}
{"level":"info","message":{"body":{},"method":"GET","url":"/?page=1&size=5"},"timestamp":"2024-12-07T20:06:57.449Z"}
{"level":"info","message":{"body":{},"method":"GET","url":"/?page=1&size=5"},"timestamp":"2024-12-07T20:07:46.745Z"}
{"level":"info","message":{"body":{},"method":"POST","url":"/"},"timestamp":"2024-12-07T20:08:11.020Z"}
{"level":"error","message":"Invalid post body","timestamp":"2024-12-07T20:08:11.021Z"}
{"level":"info","message":{"body":{},"method":"GET","url":"/?page=1&size=5"},"timestamp":"2024-12-07T20:08:21.445Z"}
{"level":"info","message":{"body":{},"method":"POST","url":"/"},"timestamp":"2024-12-07T20:08:36.962Z"}
{"level":"error","message":"Invalid post body","timestamp":"2024-12-07T20:08:36.962Z"}
{"level":"info","message":{"body":{},"method":"GET","url":"/?page=1&size=5"},"timestamp":"2024-12-07T20:11:40.763Z"}
{"level":"info","message":{"body":{},"method":"GET","url":"/?page=1&size=5"},"timestamp":"2024-12-07T20:11:44.556Z"}
{"level":"info","message":{"body":{},"method":"GET","url":"/?page=1&size=5"},"timestamp":"2024-12-07T20:11:58.311Z"}
{"level":"info","message":{"body":{},"method":"GET","url":"/?page=1&size=5"},"timestamp":"2024-12-07T20:12:02.791Z"}
{"level":"info","message":{"body":{},"method":"GET","url":"/?page=1&size=5"},"timestamp":"2024-12-07T20:12:14.541Z"}
{"level":"info","message":{"body":{},"method":"GET","url":"/?page=1&size=5"},"timestamp":"2024-12-07T20:12:25.759Z"}
{"level":"info","message":{"body":{},"method":"GET","url":"/?page=1&size=5"},"timestamp":"2024-12-07T20:12:27.118Z"}
{"level":"info","message":{"body":{},"method":"GET","url":"/?page=1&size=5"},"timestamp":"2024-12-07T20:12:28.899Z"}
{"level":"info","message":{"body":{},"method":"GET","url":"/?page=1&size=5"},"timestamp":"2024-12-07T20:13:57.224Z"}
{"level":"info","message":{"body":{},"method":"GET","url":"/?page=1&size=5"},"timestamp":"2024-12-07T20:13:59.425Z"}
{"level":"info","message":{"body":{},"method":"GET","url":"/?page=1&size=5"},"timestamp":"2024-12-07T20:14:25.175Z"}
{"level":"info","message":{"body":{},"method":"GET","url":"/?page=1&size=5"},"timestamp":"2024-12-07T20:14:28.558Z"}
{"level":"info","message":{"body":{},"method":"GET","url":"/?page=1&size=5"},"timestamp":"2024-12-07T20:15:36.841Z"}
{"level":"info","message":{"body":{},"method":"GET","url":"/?page=1&size=5"},"timestamp":"2024-12-07T20:15:39.212Z"}
{"level":"info","message":{"body":{"text":"qwdqwd","title":"qwdqd"},"method":"POST","url":"/"},"timestamp":"2024-12-07T20:15:41.284Z"}
{"level":"info","message":{"body":{},"method":"GET","url":"/?page=1&size=5"},"timestamp":"2024-12-07T20:15:41.367Z"}
{"level":"info","message":{"body":{},"method":"GET","url":"/3"},"timestamp":"2024-12-07T20:15:45.360Z"}
{"level":"info","message":{"body":{},"method":"GET","url":"/3"},"timestamp":"2024-12-07T20:15:45.930Z"}
{"level":"info","message":{"body":{"text":"qwdqwd1","title":"qwdqd"},"method":"PUT","url":"/3"},"timestamp":"2024-12-07T20:15:46.937Z"}
{"level":"info","message":{"body":{},"method":"GET","url":"/?page=1&size=5"},"timestamp":"2024-12-07T20:15:47.020Z"}
{"level":"info","message":{"body":{},"method":"GET","url":"/2"},"timestamp":"2024-12-07T20:15:48.379Z"}
{"level":"info","message":{"body":{},"method":"GET","url":"/2"},"timestamp":"2024-12-07T20:15:49.054Z"}
{"level":"info","message":{"body":{},"method":"GET","url":"/?page=1&size=5"},"timestamp":"2024-12-07T20:15:53.117Z"}
{"level":"info","message":{"body":{},"method":"GET","url":"/2"},"timestamp":"2024-12-07T20:15:54.047Z"}
{"level":"info","message":{"body":{},"method":"GET","url":"/2"},"timestamp":"2024-12-07T20:15:55.849Z"}
{"level":"info","message":{"body":{"text":"Some text 2","title":"Some title1"},"method":"PUT","url":"/2"},"timestamp":"2024-12-07T20:15:57.537Z"}
{"level":"info","message":{"body":{},"method":"GET","url":"/?page=1&size=5"},"timestamp":"2024-12-07T20:15:57.610Z"}
{"level":"info","message":{"body":{},"method":"GET","url":"/?page=1&size=5"},"timestamp":"2024-12-07T20:20:58.862Z"}
{"level":"info","message":{"body":{},"method":"GET","url":"/?page=1&size=5"},"timestamp":"2024-12-07T20:21:01.309Z"}
{"level":"info","message":{"body":{},"method":"GET","url":"/?page=1&size=5"},"timestamp":"2024-12-07T20:21:21.751Z"}
{"level":"info","message":{"body":{},"method":"GET","url":"/?page=1&size=5"},"timestamp":"2024-12-07T20:21:43.269Z"}
{"level":"info","message":{"body":{},"method":"GET","url":"/?page=1&size=5"},"timestamp":"2024-12-07T20:22:34.747Z"}
{"level":"info","message":{"body":{},"method":"GET","url":"/?page=1&size=5"},"timestamp":"2024-12-07T20:22:36.321Z"}
{"level":"info","message":{"body":{},"method":"GET","url":"/?page=1&size=5"},"timestamp":"2024-12-07T20:23:44.261Z"}
{"level":"info","message":{"body":{},"method":"GET","url":"/?page=1&size=5"},"timestamp":"2024-12-07T20:23:46.155Z"}
{"level":"info","message":{"body":{"text":"qwdqd","title":"qwd"},"method":"POST","url":"/"},"timestamp":"2024-12-07T20:25:02.995Z"}
{"level":"info","message":{"body":{},"method":"GET","url":"/?page=1&size=5"},"timestamp":"2024-12-07T20:25:03.098Z"}
{"level":"info","message":{"body":{},"method":"GET","url":"/2"},"timestamp":"2024-12-07T20:25:05.007Z"}
{"level":"info","message":{"body":{},"method":"GET","url":"/2"},"timestamp":"2024-12-07T20:25:05.523Z"}
{"level":"info","message":{"body":{"text":"Some text 2","title":"Some title111"},"method":"PUT","url":"/2"},"timestamp":"2024-12-07T20:25:06.414Z"}
{"level":"info","message":{"body":{},"method":"GET","url":"/?page=1&size=5"},"timestamp":"2024-12-07T20:25:06.484Z"}
{"level":"info","message":{"body":{},"method":"GET","url":"/3"},"timestamp":"2024-12-07T20:25:10.710Z"}
{"level":"info","message":{"body":{},"method":"GET","url":"/3"},"timestamp":"2024-12-07T20:25:11.753Z"}
{"level":"info","message":{"body":{"text":"qwdqwd1","title":"qwdqd12"},"method":"PUT","url":"/3"},"timestamp":"2024-12-07T20:25:12.691Z"}
{"level":"info","message":{"body":{},"method":"GET","url":"/?page=1&size=5"},"timestamp":"2024-12-07T20:25:12.759Z"}
{"level":"info","message":{"body":{},"method":"GET","url":"/?page=1&size=5"},"timestamp":"2024-12-07T20:25:45.313Z"}
{"level":"info","message":{"body":{},"method":"GET","url":"/3"},"timestamp":"2024-12-07T20:25:49.673Z"}
{"level":"info","message":{"body":{},"method":"GET","url":"/3"},"timestamp":"2024-12-07T20:25:50.386Z"}
{"level":"info","message":{"body":{"text":"qwdqwd","title":"qwdqd12"},"method":"PUT","url":"/3"},"timestamp":"2024-12-07T20:25:52.466Z"}
{"level":"info","message":{"body":{},"method":"GET","url":"/?page=1&size=5"},"timestamp":"2024-12-07T20:25:52.534Z"}
{"level":"info","message":{"body":{},"method":"GET","url":"/4"},"timestamp":"2024-12-07T20:32:01.956Z"}
{"level":"info","message":{"body":{},"method":"GET","url":"/?page=1&size=10"},"timestamp":"2024-12-07T20:32:02.665Z"}
{"level":"info","message":{"body":{},"method":"DELETE","url":"/4"},"timestamp":"2024-12-07T20:32:02.678Z"}
{"level":"info","message":{"body":{},"method":"GET","url":"/?page=1&size=5"},"timestamp":"2024-12-07T20:32:02.687Z"}
{"level":"info","message":{"body":{},"method":"GET","url":"/?page=1&size=5"},"timestamp":"2024-12-07T20:34:18.760Z"}
{"level":"info","message":{"body":{},"method":"GET","url":"/?page=1&size=5"},"timestamp":"2024-12-07T20:38:50.752Z"}
{"level":"info","message":{"body":{},"method":"GET","url":"/?page=1&size=5"},"timestamp":"2024-12-07T20:39:11.751Z"}
{"level":"info","message":{"body":{},"method":"GET","url":"/?page=1&size=5"},"timestamp":"2024-12-07T20:39:18.621Z"}
{"level":"info","message":{"body":{},"method":"GET","url":"/?page=1&size=5"},"timestamp":"2024-12-07T20:39:22.744Z"}
{"level":"info","message":{"body":{},"method":"GET","url":"/?page=1&size=5"},"timestamp":"2024-12-07T20:40:01.757Z"}
{"level":"info","message":{"body":{},"method":"GET","url":"/?page=1&size=5"},"timestamp":"2024-12-07T20:40:14.429Z"}
{"level":"info","message":{"body":{},"method":"GET","url":"/3"},"timestamp":"2024-12-07T20:40:20.977Z"}
{"level":"info","message":{"body":{},"method":"GET","url":"/?page=1&size=10"},"timestamp":"2024-12-07T20:40:21.831Z"}
{"level":"info","message":{"body":{},"method":"GET","url":"/?page=1&size=5"},"timestamp":"2024-12-07T20:40:21.847Z"}
{"level":"info","message":{"body":{},"method":"GET","url":"/?page=1&size=5"},"timestamp":"2024-12-07T20:41:59.755Z"}
{"level":"info","message":{"body":{},"method":"GET","url":"/3"},"timestamp":"2024-12-07T20:42:03.159Z"}
{"level":"info","message":{"body":{},"method":"GET","url":"/?page=1&size=10"},"timestamp":"2024-12-07T20:42:04.353Z"}
{"level":"info","message":{"body":{},"method":"GET","url":"/?page=1&size=5"},"timestamp":"2024-12-07T20:42:04.367Z"}
{"level":"info","message":{"body":{},"method":"GET","url":"/?page=1&size=5"},"timestamp":"2024-12-07T20:42:45.869Z"}
{"level":"info","message":{"body":{},"method":"GET","url":"/3"},"timestamp":"2024-12-07T20:42:47.247Z"}
{"level":"info","message":{"body":{},"method":"GET","url":"/?page=1&size=10"},"timestamp":"2024-12-07T20:42:47.916Z"}
{"level":"info","message":{"body":{},"method":"GET","url":"/?page=1&size=5"},"timestamp":"2024-12-07T20:42:47.937Z"}
{"level":"info","message":{"body":{},"method":"GET","url":"/?page=1&size=5"},"timestamp":"2024-12-07T20:43:17.282Z"}
{"level":"info","message":{"body":{},"method":"GET","url":"/3"},"timestamp":"2024-12-07T20:43:19.018Z"}
{"level":"info","message":{"body":{},"method":"GET","url":"/?page=1&size=10"},"timestamp":"2024-12-07T20:43:19.548Z"}
{"level":"info","message":{"body":{},"method":"GET","url":"/?page=1&size=5"},"timestamp":"2024-12-07T20:43:19.573Z"}
{"level":"info","message":{"body":{},"method":"GET","url":"/?page=1&size=5"},"timestamp":"2024-12-07T20:43:40.519Z"}
{"level":"info","message":{"body":{},"method":"GET","url":"/3"},"timestamp":"2024-12-07T20:43:41.498Z"}
{"level":"info","message":{"body":{},"method":"GET","url":"/?page=1&size=10"},"timestamp":"2024-12-07T20:43:42.198Z"}
{"level":"info","message":{"body":{},"method":"GET","url":"/?page=1&size=5"},"timestamp":"2024-12-07T20:43:42.220Z"}
{"level":"info","message":{"body":{},"method":"GET","url":"/?page=1&size=5"},"timestamp":"2024-12-07T20:44:37.756Z"}
{"level":"info","message":{"body":{},"method":"GET","url":"/?page=1&size=5"},"timestamp":"2024-12-07T20:44:46.750Z"}
{"level":"info","message":{"body":{},"method":"GET","url":"/3"},"timestamp":"2024-12-07T20:44:48.023Z"}
{"level":"info","message":{"body":{},"method":"GET","url":"/?page=1&size=10"},"timestamp":"2024-12-07T20:44:48.550Z"}
{"level":"info","message":{"body":{},"method":"GET","url":"/?page=1&size=5"},"timestamp":"2024-12-07T20:44:48.554Z"}
{"level":"info","message":{"body":{},"method":"GET","url":"/?page=1&size=5"},"timestamp":"2024-12-07T20:45:17.728Z"}
{"level":"info","message":{"body":{},"method":"GET","url":"/?page=1&size=5"},"timestamp":"2024-12-07T20:45:46.698Z"}
{"level":"info","message":{"body":{},"method":"GET","url":"/?page=1&size=5"},"timestamp":"2024-12-07T20:45:48.160Z"}
{"level":"info","message":{"body":{},"method":"GET","url":"/3"},"timestamp":"2024-12-07T20:45:49.373Z"}
{"level":"info","message":{"body":{},"method":"GET","url":"/?page=1&size=10"},"timestamp":"2024-12-07T20:45:51.917Z"}
{"level":"info","message":{"body":{},"method":"GET","url":"/?page=1&size=5"},"timestamp":"2024-12-07T20:45:51.921Z"}
{"level":"info","message":{"body":{},"method":"GET","url":"/?page=1&size=5"},"timestamp":"2024-12-07T20:45:55.352Z"}
{"level":"info","message":{"body":{},"method":"GET","url":"/2"},"timestamp":"2024-12-07T20:45:57.848Z"}
{"level":"info","message":{"body":{},"method":"GET","url":"/2"},"timestamp":"2024-12-07T20:47:02.960Z"}
{"level":"info","message":{"body":{},"method":"GET","url":"/2"},"timestamp":"2024-12-07T20:47:03.899Z"}
{"level":"info","message":{"body":{},"method":"GET","url":"/?page=1&size=5"},"timestamp":"2024-12-07T20:47:33.088Z"}
{"level":"info","message":{"body":{},"method":"GET","url":"/3"},"timestamp":"2024-12-07T20:47:34.529Z"}
{"level":"info","message":{"body":{},"method":"GET","url":"/3"},"timestamp":"2024-12-07T20:47:35.204Z"}
{"level":"info","message":{"body":{"text":"qwdqwd1","title":"qwdqd12"},"method":"PUT","url":"/3"},"timestamp":"2024-12-07T20:47:37.145Z"}
{"level":"info","message":{"body":{},"method":"GET","url":"/?page=1&size=5"},"timestamp":"2024-12-07T20:47:37.214Z"}
{"level":"info","message":{"body":{},"method":"GET","url":"/3"},"timestamp":"2024-12-07T20:52:50.654Z"}
{"level":"info","message":{"body":{},"method":"GET","url":"/?page=1&size=10"},"timestamp":"2024-12-07T20:52:51.285Z"}
{"level":"info","message":{"body":{},"method":"DELETE","url":"/3"},"timestamp":"2024-12-07T20:52:51.302Z"}
{"level":"info","message":{"body":{},"method":"GET","url":"/?page=1&size=5"},"timestamp":"2024-12-07T20:52:51.320Z"}
{"level":"info","message":{"body":{},"method":"GET","url":"/?page=1&size=5"},"timestamp":"2024-12-07T20:53:00.682Z"}
{"level":"info","message":{"body":{},"method":"GET","url":"/3"},"timestamp":"2024-12-07T20:53:01.472Z"}
{"level":"info","message":{"body":{},"method":"GET","url":"/?page=1&size=10"},"timestamp":"2024-12-07T20:53:02.667Z"}
{"level":"info","message":{"body":{},"method":"DELETE","url":"/3"},"timestamp":"2024-12-07T20:53:02.683Z"}
{"level":"info","message":{"body":{},"method":"GET","url":"/?page=1&size=5"},"timestamp":"2024-12-07T20:53:02.693Z"}
{"level":"info","message":{"body":{},"method":"GET","url":"/?page=1&size=5"},"timestamp":"2024-12-07T20:53:10.034Z"}
{"level":"info","message":{"body":{},"method":"GET","url":"/3"},"timestamp":"2024-12-07T20:53:22.289Z"}
{"level":"info","message":{"body":{},"method":"GET","url":"/?page=1&size=10"},"timestamp":"2024-12-07T20:53:25.524Z"}
{"level":"info","message":{"body":{},"method":"DELETE","url":"/3"},"timestamp":"2024-12-07T20:53:25.546Z"}
{"level":"info","message":{"body":{},"method":"GET","url":"/?page=1&size=5"},"timestamp":"2024-12-07T20:53:25.565Z"}
{"level":"info","message":{"body":{},"method":"GET","url":"/?page=1&size=5"},"timestamp":"2024-12-07T20:56:06.846Z"}
{"level":"info","message":{"body":{},"method":"GET","url":"/3"},"timestamp":"2024-12-07T20:56:07.915Z"}
{"level":"info","message":{"body":{},"method":"GET","url":"/?page=1&size=10"},"timestamp":"2024-12-07T20:56:08.804Z"}
{"level":"info","message":{"body":{},"method":"DELETE","url":"/3"},"timestamp":"2024-12-07T20:56:08.837Z"}
{"level":"info","message":{"body":{},"method":"GET","url":"/?page=1&size=5"},"timestamp":"2024-12-07T20:56:08.852Z"}
{"level":"info","message":{"body":{},"method":"GET","url":"/?page=1&size=5"},"timestamp":"2024-12-07T20:56:14.948Z"}
{"level":"info","message":{"body":{},"method":"GET","url":"/3"},"timestamp":"2024-12-07T20:56:23.082Z"}
{"level":"info","message":{"body":{},"method":"GET","url":"/?page=1&size=10"},"timestamp":"2024-12-07T20:56:26.137Z"}
{"level":"info","message":{"body":{},"method":"DELETE","url":"/3"},"timestamp":"2024-12-07T20:56:26.155Z"}
{"level":"info","message":{"body":{},"method":"GET","url":"/?page=1&size=5"},"timestamp":"2024-12-07T20:56:26.167Z"}
{"level":"info","message":{"body":{},"method":"GET","url":"/?page=1&size=5"},"timestamp":"2024-12-07T20:56:33.278Z"}
{"level":"info","message":{"body":{"text":"vovaovaovaov","title":"ewfwfwefwf"},"method":"POST","url":"/"},"timestamp":"2024-12-07T20:56:42.676Z"}
{"level":"info","message":{"body":{},"method":"GET","url":"/?page=1&size=5"},"timestamp":"2024-12-07T20:56:42.824Z"}
{"level":"info","message":{"body":{},"method":"GET","url":"/5"},"timestamp":"2024-12-07T20:56:44.131Z"}
{"level":"info","message":{"body":{},"method":"GET","url":"/?page=1&size=10"},"timestamp":"2024-12-07T20:56:44.691Z"}
{"level":"info","message":{"body":{},"method":"DELETE","url":"/5"},"timestamp":"2024-12-07T20:56:44.708Z"}
{"level":"info","message":{"body":{},"method":"GET","url":"/?page=1&size=5"},"timestamp":"2024-12-07T20:56:44.715Z"}
{"level":"info","message":{"body":{},"method":"GET","url":"/3"},"timestamp":"2024-12-07T20:57:12.498Z"}
{"level":"info","message":{"body":{},"method":"GET","url":"/3"},"timestamp":"2024-12-07T20:57:12.986Z"}
{"level":"info","message":{"body":{"text":"qwdqwd1","title":"qwdqd12"},"method":"PUT","url":"/3"},"timestamp":"2024-12-07T20:57:14.810Z"}
{"level":"info","message":{"body":{},"method":"GET","url":"/?page=1&size=5"},"timestamp":"2024-12-07T20:59:01.042Z"}
{"level":"info","message":{"body":{},"method":"GET","url":"/3"},"timestamp":"2024-12-07T20:59:03.601Z"}
{"level":"info","message":{"body":{},"method":"GET","url":"/3"},"timestamp":"2024-12-07T20:59:04.396Z"}
{"level":"info","message":{"body":{"text":"qwdqwd1","title":"qwdqd12"},"method":"PUT","url":"/3"},"timestamp":"2024-12-07T20:59:05.906Z"}
{"level":"info","message":{"body":{},"method":"GET","url":"/?page=1&size=5"},"timestamp":"2024-12-07T20:59:06.061Z"}
{"level":"info","message":{"body":{},"method":"GET","url":"/?page=1&size=5"},"timestamp":"2024-12-07T21:00:13.766Z"}
{"level":"info","message":{"body":{},"method":"GET","url":"/3"},"timestamp":"2024-12-07T21:00:14.533Z"}
{"level":"info","message":{"body":{},"method":"GET","url":"/3"},"timestamp":"2024-12-07T21:00:18.088Z"}
{"level":"info","message":{"body":{"text":"qwdqwd1","title":"qwdqd12"},"method":"PUT","url":"/3"},"timestamp":"2024-12-07T21:00:19.263Z"}
{"level":"info","message":{"body":{},"method":"GET","url":"/?page=1&size=5"},"timestamp":"2024-12-07T21:00:19.409Z"}
{"level":"info","message":{"body":{},"method":"GET","url":"/?page=1&size=5"},"timestamp":"2024-12-07T21:00:23.091Z"}
{"level":"info","message":{"body":{},"method":"GET","url":"/?page=1&size=5"},"timestamp":"2024-12-07T21:00:59.760Z"}
{"level":"info","message":{"body":{},"method":"GET","url":"/?page=1&size=5"},"timestamp":"2024-12-07T21:02:20.746Z"}
{"level":"info","message":{"body":{},"method":"GET","url":"/?page=1&size=5"},"timestamp":"2024-12-07T21:02:35.324Z"}
{"level":"info","message":{"body":{},"method":"GET","url":"/3"},"timestamp":"2024-12-07T21:02:35.798Z"}
{"level":"info","message":{"body":{},"method":"GET","url":"/?page=1&size=10"},"timestamp":"2024-12-07T21:02:36.541Z"}
{"level":"info","message":{"body":{},"method":"DELETE","url":"/3"},"timestamp":"2024-12-07T21:02:36.559Z"}
{"level":"info","message":{"body":{},"method":"GET","url":"/?page=1&size=5"},"timestamp":"2024-12-07T21:02:36.568Z"}
{"level":"info","message":{"body":{},"method":"GET","url":"/?page=1&size=5"},"timestamp":"2024-12-07T21:04:02.422Z"}
{"level":"info","message":{"body":{},"method":"GET","url":"/3"},"timestamp":"2024-12-07T21:04:02.945Z"}
{"level":"info","message":{"body":{},"method":"GET","url":"/?page=1&size=10"},"timestamp":"2024-12-07T21:04:04.065Z"}
{"level":"info","message":{"body":{},"method":"DELETE","url":"/3"},"timestamp":"2024-12-07T21:04:04.085Z"}
{"level":"info","message":{"body":{},"method":"GET","url":"/?page=1&size=5"},"timestamp":"2024-12-07T21:04:04.091Z"}
{"level":"info","message":{"body":{},"method":"GET","url":"/?page=1&size=5"},"timestamp":"2024-12-07T21:04:06.038Z"}
{"level":"info","message":{"body":{},"method":"GET","url":"/3"},"timestamp":"2024-12-07T21:04:35.932Z"}
{"level":"info","message":{"body":{},"method":"GET","url":"/?page=1&size=10"},"timestamp":"2024-12-07T21:04:36.423Z"}
{"level":"info","message":{"body":{},"method":"DELETE","url":"/3"},"timestamp":"2024-12-07T21:04:36.429Z"}
{"level":"info","message":{"body":{},"method":"GET","url":"/?page=1&size=5"},"timestamp":"2024-12-07T21:04:36.431Z"}
{"level":"info","message":{"body":{},"method":"GET","url":"/?page=1&size=5"},"timestamp":"2024-12-07T21:04:38.028Z"}
{"level":"info","message":{"body":{},"method":"GET","url":"/?page=1&size=5"},"timestamp":"2024-12-07T21:04:38.495Z"}
{"level":"info","message":{"body":{},"method":"GET","url":"/?page=1&size=5"},"timestamp":"2024-12-07T21:04:38.819Z"}
{"level":"info","message":{"body":{},"method":"GET","url":"/?page=1&size=5"},"timestamp":"2024-12-07T21:04:39.375Z"}
{"level":"info","message":{"body":{},"method":"GET","url":"/?page=1&size=5"},"timestamp":"2024-12-07T21:04:50.230Z"}
{"level":"info","message":{"body":{},"method":"GET","url":"/?page=1&size=5"},"timestamp":"2024-12-07T21:04:51.106Z"}
{"level":"info","message":{"body":{},"method":"GET","url":"/?page=1&size=5"},"timestamp":"2024-12-07T21:04:51.772Z"}
{"level":"info","message":{"body":{},"method":"GET","url":"/?page=1&size=5"},"timestamp":"2024-12-07T21:04:52.276Z"}
{"level":"info","message":{"body":{},"method":"GET","url":"/?page=1&size=5"},"timestamp":"2024-12-07T21:05:51.701Z"}
{"level":"info","message":{"body":{"text":"1qwsawdqas","title":"12ee21e"},"method":"POST","url":"/"},"timestamp":"2024-12-07T21:06:01.009Z"}
{"level":"info","message":{"body":{},"method":"GET","url":"/?page=1&size=5"},"timestamp":"2024-12-07T21:06:01.080Z"}
{"level":"info","message":{"body":{"text":"qwdqwd","title":"qwdqwd"},"method":"POST","url":"/"},"timestamp":"2024-12-07T21:06:24.285Z"}
{"level":"info","message":{"body":{},"method":"GET","url":"/?page=1&size=5"},"timestamp":"2024-12-07T21:06:24.524Z"}
{"level":"info","message":{"body":{"text":"qwd","title":"qwd12d"},"method":"POST","url":"/"},"timestamp":"2024-12-07T21:06:27.818Z"}
{"level":"info","message":{"body":{},"method":"GET","url":"/?page=1&size=5"},"timestamp":"2024-12-07T21:06:27.890Z"}
{"level":"info","message":{"body":{"text":"qwdqwdqwdwqdwqdqd","title":"qwdwqd"},"method":"POST","url":"/"},"timestamp":"2024-12-07T21:06:30.403Z"}
{"level":"info","message":{"body":{},"method":"GET","url":"/?page=1&size=5"},"timestamp":"2024-12-07T21:06:30.505Z"}
{"level":"info","message":{"body":{},"method":"GET","url":"/?page=2&size=5"},"timestamp":"2024-12-07T21:06:32.058Z"}
{"level":"info","message":{"body":{},"method":"GET","url":"/9"},"timestamp":"2024-12-07T21:06:33.654Z"}
{"level":"info","message":{"body":{},"method":"GET","url":"/?page=1&size=10"},"timestamp":"2024-12-07T21:06:34.652Z"}
{"level":"info","message":{"body":{},"method":"DELETE","url":"/9"},"timestamp":"2024-12-07T21:06:34.664Z"}
{"level":"info","message":{"body":{},"method":"GET","url":"/?page=1&size=5"},"timestamp":"2024-12-07T21:06:34.674Z"}
{"level":"info","message":{"body":{},"method":"GET","url":"/?page=1&size=5"},"timestamp":"2024-12-07T21:33:20.531Z"}
{"level":"info","message":{"body":{},"method":"GET","url":"/?page=1&size=5"},"timestamp":"2024-12-07T21:33:21.943Z"}
{"level":"info","message":{"body":{},"method":"GET","url":"/?page=1&size=5"},"timestamp":"2024-12-11T07:45:58.825Z"}
{"level":"info","message":{"body":{},"method":"GET","url":"/2"},"timestamp":"2024-12-11T07:46:04.812Z"}
{"level":"info","message":{"body":{},"method":"GET","url":"/?page=1&size=10"},"timestamp":"2024-12-11T07:46:07.843Z"}
{"level":"info","message":{"body":{},"method":"GET","url":"/?page=1&size=5"},"timestamp":"2024-12-11T07:46:07.850Z"}
{"level":"info","message":{"body":{},"method":"GET","url":"/?page=1&size=5"},"timestamp":"2024-12-11T07:47:27.142Z"}
{"level":"info","message":{"body":{},"method":"GET","url":"/3"},"timestamp":"2024-12-11T07:47:28.552Z"}
{"level":"info","message":{"body":{},"method":"GET","url":"/?page=1&size=10"},"timestamp":"2024-12-11T07:47:29.269Z"}
{"level":"info","message":{"body":{},"method":"GET","url":"/?page=1&size=5"},"timestamp":"2024-12-11T07:47:29.299Z"}
{"level":"info","message":{"body":{},"method":"GET","url":"/?page=1&size=5"},"timestamp":"2024-12-11T07:48:11.299Z"}
{"level":"info","message":{"body":{},"method":"GET","url":"/?page=2&size=5"},"timestamp":"2024-12-11T07:48:25.208Z"}
{"level":"info","message":{"body":{},"method":"GET","url":"/?page=1&size=5"},"timestamp":"2024-12-11T07:49:04.195Z"}
{"level":"info","message":{"body":{},"method":"GET","url":"/?page=2&size=5"},"timestamp":"2024-12-11T07:49:06.504Z"}
{"level":"info","message":{"body":{},"method":"GET","url":"/?page=3&size=5"},"timestamp":"2024-12-11T07:50:36.281Z"}
{"level":"info","message":{"body":{},"method":"GET","url":"/?page=2&size=5"},"timestamp":"2024-12-11T07:50:42.094Z"}
{"level":"info","message":{"body":{},"method":"GET","url":"/?page=1&size=5"},"timestamp":"2024-12-11T07:50:42.682Z"}
{"level":"info","message":{"body":{},"method":"GET","url":"/?page=2&size=5"},"timestamp":"2024-12-11T07:50:58.474Z"}
{"level":"info","message":{"body":{},"method":"GET","url":"/?page=3&size=5"},"timestamp":"2024-12-11T07:50:59.246Z"}
{"level":"info","message":{"body":{},"method":"GET","url":"/?page=4&size=5"},"timestamp":"2024-12-11T07:50:59.724Z"}
{"level":"info","message":{"body":{},"method":"GET","url":"/?page=5&size=5"},"timestamp":"2024-12-11T07:51:00.156Z"}
{"level":"info","message":{"body":{},"method":"GET","url":"/?page=1&size=5"},"timestamp":"2024-12-11T07:51:30.317Z"}
{"level":"info","message":{"body":{},"method":"GET","url":"/?page=1&size=5"},"timestamp":"2024-12-11T07:53:00.495Z"}
{"level":"info","message":{"body":{},"method":"GET","url":"/?page=1&size=5"},"timestamp":"2024-12-11T07:53:02.477Z"}
{"level":"info","message":{"body":{},"method":"GET","url":"/?page=1&size=5"},"timestamp":"2024-12-11T07:53:04.155Z"}
{"level":"info","message":{"body":{},"method":"GET","url":"/?page=1&size=5"},"timestamp":"2024-12-11T07:53:19.548Z"}
{"level":"info","message":{"body":{},"method":"GET","url":"/?page=1&size=5"},"timestamp":"2024-12-11T07:53:42.625Z"}
{"level":"info","message":{"body":{"text":"qwdqwddqdqwd","title":"qwdqdwqdq"},"method":"POST","url":"/"},"timestamp":"2024-12-11T07:53:47.294Z"}
{"level":"info","message":{"body":{},"method":"GET","url":"/?page=1&size=5"},"timestamp":"2024-12-11T07:55:35.988Z"}
{"level":"info","message":{"body":{"text":"wqdwqdwqdqd"},"method":"POST","url":"/"},"timestamp":"2024-12-11T07:55:39.369Z"}
{"level":"error","message":"Invalid post body","timestamp":"2024-12-11T07:55:39.369Z"}
{"level":"info","message":{"body":{},"method":"GET","url":"/?page=1&size=5"},"timestamp":"2024-12-11T07:55:39.449Z"}
{"level":"info","message":{"body":{"header":"wqdqwd","text":"qwdqdw"},"method":"POST","url":"/"},"timestamp":"2024-12-11T07:56:49.018Z"}
{"level":"error","message":"Invalid post body","timestamp":"2024-12-11T07:56:49.018Z"}
{"level":"info","message":{"body":{},"method":"GET","url":"/?page=1&size=5"},"timestamp":"2024-12-11T07:56:49.126Z"}
{"level":"info","message":{"body":{"header":"qwdwqdq","text":"wqddqwdqd"},"method":"POST","url":"/"},"timestamp":"2024-12-11T07:57:23.474Z"}
{"level":"info","message":{"body":{},"method":"GET","url":"/?page=1&size=5"},"timestamp":"2024-12-11T07:57:23.572Z"}
{"level":"info","message":{"body":{},"method":"GET","url":"/?page=2&size=5"},"timestamp":"2024-12-11T07:57:26.242Z"}
{"level":"info","message":{"body":{},"method":"GET","url":"/?page=3&size=5"},"timestamp":"2024-12-11T07:57:26.632Z"}
{"level":"info","message":{"body":{},"method":"GET","url":"/?page=4&size=5"},"timestamp":"2024-12-11T07:57:26.912Z"}
{"level":"info","message":{"body":{},"method":"GET","url":"/?page=5&size=5"},"timestamp":"2024-12-11T07:57:27.068Z"}
{"level":"info","message":{"body":{},"method":"GET","url":"/?page=6&size=5"},"timestamp":"2024-12-11T07:57:27.219Z"}
{"level":"info","message":{"body":{},"method":"GET","url":"/?page=5&size=5"},"timestamp":"2024-12-11T07:57:33.870Z"}
{"level":"info","message":{"body":{},"method":"GET","url":"/29"},"timestamp":"2024-12-11T07:57:34.256Z"}
{"level":"info","message":{"body":{},"method":"GET","url":"/?page=1&size=5"},"timestamp":"2024-12-11T07:57:35.433Z"}
{"level":"info","message":{"body":{},"method":"GET","url":"/?page=1&size=5"},"timestamp":"2024-12-11T07:59:16.180Z"}
{"level":"info","message":{"body":{},"method":"GET","url":"/?page=1&size=5"},"timestamp":"2024-12-11T07:59:36.173Z"}
{"level":"info","message":{"body":{},"method":"GET","url":"/?page=1&size=5"},"timestamp":"2024-12-11T07:59:49.184Z"}
{"level":"info","message":{"body":{},"method":"GET","url":"/?page=1&size=5"},"timestamp":"2024-12-11T08:00:27.172Z"}
{"level":"info","message":{"body":{},"method":"GET","url":"/?page=1&size=5"},"timestamp":"2024-12-11T08:04:20.955Z"}
{"level":"info","message":{"body":{},"method":"GET","url":"/?page=1&size=5"},"timestamp":"2024-12-11T08:04:25.177Z"}
{"level":"info","message":{"body":{},"method":"GET","url":"/?page=1&size=5"},"timestamp":"2024-12-11T08:05:31.247Z"}
{"level":"info","message":{"body":{},"method":"GET","url":"/?page=1&size=5"},"timestamp":"2024-12-11T08:07:39.936Z"}
{"level":"info","message":{"body":{},"method":"GET","url":"/?page=1&size=5"},"timestamp":"2024-12-11T08:08:14.310Z"}
{"level":"info","message":{"body":{},"method":"GET","url":"/?page=1&size=5"},"timestamp":"2024-12-11T08:18:30.172Z"}
{"level":"info","message":{"body":{},"method":"GET","url":"/3"},"timestamp":"2024-12-11T08:18:32.265Z"}
{"level":"info","message":{"body":{},"method":"GET","url":"/?page=1&size=10"},"timestamp":"2024-12-11T08:18:33.004Z"}
{"level":"info","message":{"body":{},"method":"DELETE","url":"/3"},"timestamp":"2024-12-11T08:18:33.030Z"}
{"level":"info","message":{"body":{},"method":"GET","url":"/?page=1&size=5"},"timestamp":"2024-12-11T08:18:33.041Z"}
{"level":"info","message":{"body":{},"method":"GET","url":"/?page=1&size=5"},"timestamp":"2024-12-11T08:18:36.666Z"}
{"level":"info","message":{"body":{},"method":"GET","url":"/?page=1&size=5"},"timestamp":"2024-12-11T08:18:40.823Z"}
{"level":"info","message":{"body":{},"method":"GET","url":"/?page=1&size=5"},"timestamp":"2024-12-11T08:18:54.254Z"}
{"level":"info","message":{"body":{},"method":"GET","url":"/?page=1&size=5"},"timestamp":"2024-12-11T08:19:58.256Z"}
{"level":"info","message":{"body":{},"method":"GET","url":"/?page=1&size=5"},"timestamp":"2024-12-11T08:20:05.781Z"}
{"level":"info","message":{"body":{},"method":"GET","url":"/?page=1&size=5"},"timestamp":"2024-12-11T08:20:27.172Z"}
{"level":"info","message":{"body":{},"method":"GET","url":"/?page=1&size=5"},"timestamp":"2024-12-11T08:20:40.170Z"}
{"level":"info","message":{"body":{},"method":"GET","url":"/?page=1&size=5"},"timestamp":"2024-12-11T08:21:09.166Z"}
{"level":"info","message":{"body":{},"method":"GET","url":"/?page=1&size=5"},"timestamp":"2024-12-11T08:21:22.180Z"}
{"level":"info","message":{"body":{},"method":"GET","url":"/?page=1&size=5"},"timestamp":"2024-12-11T08:21:32.179Z"}
{"level":"info","message":{"body":{},"method":"GET","url":"/?page=1&size=5"},"timestamp":"2024-12-11T08:21:38.569Z"}
{"level":"info","message":{"body":{},"method":"GET","url":"/?page=1&size=5"},"timestamp":"2024-12-11T08:21:41.190Z"}
